<?xml version="1.0" encoding="UTF-8"?>
<!-- Generated by org.testng.reporters.JUnitXMLReporter -->
<testsuite hostname="DhirajPC" ignored="2" name="Test" tests="4" failures="2" timestamp="25 Feb 2019 16:27:51 GMT" time="80.701" errors="0">
  <testcase name="TestAutoQuote_TC_001" time="42.323" classname="testcases.CreateAutoQuoteTestNG"/>
  <testcase name="TestAutoQuote_TC_001" time="42.371" classname="testcases.CreateAutoQuoteTestNG">
    <failure type="java.lang.NullPointerException">
      <![CDATA[java.lang.NullPointerException
at utilities.TakeScreeshot.captureScreen(TakeScreeshot.java:17)
at utilities.Listners.onTestSuccess(Listners.java:22)
... Removed 22 stack frames]]>
    </failure>
  </testcase> <!-- TestAutoQuote_TC_001 -->
  <testcase name="TestAutoQuote_TC_002" time="38.038" classname="testcases.CreateAutoQuoteTestNG"/>
  <testcase name="TestAutoQuote_TC_002" time="38.053" classname="testcases.CreateAutoQuoteTestNG">
    <failure type="java.lang.NullPointerException">
      <![CDATA[java.lang.NullPointerException
at utilities.TakeScreeshot.captureScreen(TakeScreeshot.java:17)
at utilities.Listners.onTestSuccess(Listners.java:22)
... Removed 22 stack frames]]>
    </failure>
  </testcase> <!-- TestAutoQuote_TC_002 -->
  <testcase name="TestAutoQuote_TC_004" time="0.0" classname="testcases.CreateAutoQuoteTestNG">
    <ignored/>
  </testcase> <!-- TestAutoQuote_TC_004 -->
  <testcase name="TestAutoQuote_TC_003" time="0.0" classname="testcases.CreateAutoQuoteTestNG">
    <ignored/>
  </testcase> <!-- TestAutoQuote_TC_003 -->
</testsuite> <!-- Test -->
